
> facial-analysis-poc@0.1.0 dev
> next dev

   ▲ Next.js 15.5.20
   - Local:        http://localhost:3000
   - Network:      http://192.168.1.3:3000
   - Environments: .env.local, .env

 ✓ Starting...
 ✓ Ready in 2.3s
 ○ Compiling / ...
 ✓ Compiled / in 5.3s (1645 modules)
 GET / 200 in 6054ms
 ✓ Compiled in 1433ms (742 modules)
 ✓ Compiled in 769ms (743 modules)
 ✓ Compiled in 625ms (743 modules)
 ✓ Compiled in 747ms (747 modules)
 ✓ Compiled in 2.1s (747 modules)
 ✓ Compiled in 795ms (747 modules)
 ✓ Compiled in 1515ms (747 modules)
 ✓ Compiled in 848ms (747 modules)
 ✓ Compiled in 1722ms (747 modules)
 ✓ Compiled in 2.5s (747 modules)
 ✓ Compiled in 1125ms (747 modules)
 ✓ Compiled in 1806ms (747 modules)
 ✓ Compiled in 1500ms (747 modules)
 ✓ Compiled in 1673ms (747 modules)
 ✓ Compiled in 830ms (747 modules)
 ✓ Compiled in 694ms (747 modules)
   Reload env: .env.local
 ✓ Compiled in 8.1s (747 modules)
 ○ Compiling / ...
 ✓ Compiled / in 4.9s (908 modules)
 GET /?payment=stripe-success 200 in 5564ms
 ✓ Compiled in 1881ms (1655 modules)
 GET /?payment=stripe-success 200 in 966ms
 GET /?payment=stripe-success 200 in 1691ms
 ✓ Compiled in 1713ms (1655 modules)
 GET /?payment=stripe-success 200 in 747ms
 GET /?payment=stripe-success 200 in 1010ms
 ✓ Compiled in 1069ms (747 modules)
 GET /?payment=stripe-success 200 in 106ms
 GET /?payment=stripe-success 200 in 160ms
 ✓ Compiled in 2.4s (1659 modules)
 GET /?payment=stripe-success 200 in 1125ms
 GET /?payment=stripe-success 200 in 2253ms
 ○ Compiling /_error ...
 ✓ Compiled /_error in 7.7s (1997 modules)
 GET / 500 in 16810ms
 GET / 500 in 4327ms
 GET / 500 in 4435ms
 GET / 500 in 368ms
 ○ Compiling /_not-found ...
 ✓ Compiled /_not-found in 4.2s (2016 modules)
 GET / 404 in 5751ms
 GET / 500 in 12016ms
 GET / 500 in 231ms
 GET / 500 in 369ms
 GET / 500 in 194ms
 GET / 500 in 233ms
 GET / 500 in 163ms
 GET / 500 in 312ms
 GET / 500 in 146ms
 GET / 500 in 298ms
 GET / 500 in 137ms
 GET / 500 in 178ms
 GET / 500 in 217ms
 GET / 500 in 227ms
 GET / 500 in 115ms
 GET / 500 in 150ms
 GET / 500 in 206ms
 GET / 500 in 231ms
 GET / 500 in 174ms
 GET / 500 in 161ms
 GET / 500 in 290ms
 GET / 500 in 183ms
 GET / 500 in 179ms
 GET / 500 in 229ms
 GET / 500 in 128ms
 GET / 500 in 156ms
 GET / 500 in 131ms
 GET / 500 in 116ms
 GET / 500 in 127ms
 GET / 500 in 315ms
 GET / 500 in 126ms
 GET / 500 in 196ms
 GET / 500 in 151ms
 GET / 500 in 285ms
 GET / 500 in 144ms
 GET / 500 in 275ms
 GET / 500 in 150ms
 GET / 500 in 256ms
 GET / 500 in 165ms
 GET / 500 in 230ms
 GET / 500 in 174ms
 GET / 500 in 271ms
 GET / 500 in 140ms
 GET / 500 in 149ms
 GET / 500 in 171ms
 GET / 500 in 260ms
 GET / 500 in 157ms
 GET / 500 in 205ms
 GET / 500 in 159ms
 GET / 500 in 158ms
 GET / 500 in 172ms
 GET / 500 in 241ms
 GET / 500 in 141ms
 GET / 500 in 255ms
 GET / 500 in 145ms
 GET / 500 in 243ms
 GET / 500 in 166ms
 GET / 500 in 198ms
 GET / 500 in 201ms
 GET / 500 in 157ms
 GET / 500 in 172ms
 GET / 500 in 183ms
 GET / 500 in 252ms
 GET / 500 in 209ms
 GET / 500 in 163ms
 GET / 500 in 146ms
 GET / 500 in 170ms
 GET / 500 in 239ms
 GET / 500 in 190ms
 GET / 500 in 156ms
 GET / 500 in 170ms
 GET / 500 in 241ms
 GET / 500 in 331ms
 GET / 500 in 214ms
 GET / 500 in 142ms
 GET / 500 in 277ms
 GET / 500 in 187ms
 GET / 500 in 277ms
 GET / 500 in 326ms
 GET / 500 in 122ms
 GET / 500 in 142ms
 GET / 500 in 185ms
 GET / 500 in 131ms
 GET / 500 in 139ms
 GET / 500 in 233ms
 GET / 500 in 139ms
 GET / 500 in 214ms
 GET / 500 in 150ms
 GET / 500 in 220ms
 GET / 500 in 168ms
 GET / 500 in 492ms
 GET / 500 in 115ms
 GET / 404 in 35ms
 GET / 404 in 102ms
 GET / 404 in 31ms
 GET / 404 in 24ms
 GET / 404 in 25ms
 GET / 404 in 28ms
 GET / 404 in 25ms
 GET / 404 in 34ms
 GET / 404 in 25ms
 GET / 404 in 32ms
 GET / 404 in 33ms
 GET / 404 in 31ms
 GET / 404 in 46ms
 GET / 404 in 29ms
 GET / 500 in 1380ms
 GET / 500 in 1189ms
 GET / 500 in 1120ms
 GET / 500 in 1222ms
 GET / 500 in 1281ms
 GET / 200 in 278ms
 GET / 200 in 191ms
 GET / 200 in 190ms
 GET / 200 in 297ms
 GET / 200 in 117ms
 GET / 200 in 92ms
 GET /?payment=stripe-success&session_id=cs_test_a1njni6GxYBXLufur5kjqmmpxzc1WmpzQG6MqfPx8L4ezNLKxZTxaRwOsH 200 in 103ms
 GET / 200 in 95ms
 GET / 200 in 77ms
 ✓ Compiled in 2.7s (2011 modules)
 GET / 200 in 1498ms
 GET / 200 in 1995ms
 GET / 200 in 1268ms
 ✓ Compiled in 1732ms (2011 modules)
 GET / 200 in 364ms
 GET / 200 in 73ms
 ✓ Compiled in 1505ms (2011 modules)
 GET / 200 in 303ms
 GET / 200 in 309ms
 ✓ Compiled in 1875ms (2011 modules)
 GET / 200 in 305ms
 GET / 200 in 43ms
 GET / 500 in 2870ms
 GET / 500 in 1623ms
 ✓ Compiled in 1428ms (2011 modules)
 ✓ Compiled in 1327ms (2013 modules)
 GET /?payment=stripe-success&session_id=cs_test_a1zW26zy65EZGF91Dj6vXd2tyx0kWCbgy6kxyPnEVWR0ZqwXinlYSWbgIR 200 in 542ms
 GET / 200 in 88ms
 GET / 200 in 84ms
 ✓ Compiled in 1648ms (2013 modules)
 GET / 200 in 891ms
 GET / 200 in 1514ms
 ✓ Compiled in 1226ms (2013 modules)
 GET / 200 in 193ms
 ✓ Compiled in 1200ms (2013 modules)
 GET / 200 in 196ms
 ✓ Compiled in 1348ms (2013 modules)
 GET / 200 in 215ms
 ✓ Compiled in 1343ms (2013 modules)
 GET / 200 in 128ms
 GET / 500 in 1570ms
 ○ Compiling /_not-found ...
 ✓ Compiled /_not-found in 1421ms (2018 modules)
 GET / 404 in 2179ms
 ✓ Compiled in 9.7s (2013 modules)
 ✓ Compiled in 1065ms (908 modules)
 ✓ Compiled in 1316ms (2013 modules)
 ✓ Compiled in 760ms (908 modules)
 ✓ Compiled in 796ms (908 modules)
 ✓ Compiled in 1187ms (2011 modules)
 ✓ Compiled in 1396ms (907 modules)
 ✓ Compiled in 1493ms (2011 modules)
 ✓ Compiled in 2.7s (2021 modules)
 ✓ Compiled in 2.4s (2021 modules)
 ✓ Compiled in 1031ms (2021 modules)
 ✓ Compiled in 8.8s (2021 modules)
 ✓ Compiled in 1538ms (2021 modules)
 ✓ Compiled in 3.4s (2021 modules)
 ✓ Compiled in 1068ms (2021 modules)
 ✓ Compiled in 2.6s (2021 modules)
 ✓ Compiled in 1004ms (2021 modules)
 ✓ Compiled in 1180ms (2021 modules)
 ✓ Compiled in 1137ms (2021 modules)
 ✓ Compiled in 989ms (2021 modules)
 GET /?payment=stripe-success&session_id=cs_test_a18xxJrPiyPREplkXRdxxuq5NqAZvvyWL3vf9p9r8hHZbDncorzKPPRi7t 200 in 533ms
 GET / 200 in 80ms
 GET / 200 in 81ms
 ✓ Compiled in 1745ms (2021 modules)
 GET / 200 in 1540ms
 GET / 200 in 1936ms
 ✓ Compiled in 1187ms (2021 modules)
 ✓ Compiled in 1601ms (2021 modules)
 ✓ Compiled in 1155ms (2021 modules)
 GET / 200 in 3870ms
 GET / 200 in 4391ms
 GET / 200 in 1284ms
 ✓ Compiled in 2.2s (2021 modules)
 GET / 200 in 2188ms
 ✓ Compiled in 1997ms (2021 modules)
 GET / 200 in 733ms
 ✓ Compiled in 10.9s (2023 modules)
 GET / 200 in 9918ms
 ✓ Compiled in 1224ms (2023 modules)
 GET / 200 in 800ms
 GET / 200 in 1220ms
 ✓ Compiled in 2.7s (2023 modules)
 GET / 200 in 562ms
 GET / 200 in 2395ms
 ✓ Compiled in 3.4s (2023 modules)
 GET / 200 in 2375ms
 ✓ Compiled in 1333ms (2023 modules)
 GET / 200 in 268ms
 ✓ Compiled in 1420ms (2023 modules)
 GET / 200 in 225ms
 GET / 200 in 254ms
 GET / 200 in 68ms
 GET /?payment=stripe-success&session_id=cs_test_a1t4PEF3bhMAUspzxiaAsoIOaTOxE8towS6Rn4DfXRqrjKnwP89C51z19v 200 in 128ms
 ✓ Compiled in 1864ms (913 modules)
 GET / 200 in 1068ms
 ✓ Compiled in 1448ms (913 modules)
 GET / 200 in 249ms
 GET / 200 in 296ms
 GET / 200 in 774ms
 GET / 200 in 1510ms
 ✓ Compiled in 2.1s (2023 modules)
 GET / 200 in 510ms
 GET / 200 in 1646ms
 ✓ Compiled in 1417ms (2023 modules)
 GET / 200 in 221ms
 ✓ Compiled in 1063ms (2027 modules)
 GET / 200 in 271ms
 ✓ Compiled in 931ms (2027 modules)
 GET / 200 in 207ms
 ✓ Compiled in 933ms (2027 modules)
 GET / 200 in 227ms
 ✓ Compiled in 1021ms (2027 modules)
 GET / 200 in 218ms
 ✓ Compiled in 1117ms (2027 modules)
 GET / 200 in 330ms
 ✓ Compiled in 1054ms (2027 modules)
 GET / 200 in 242ms
 ✓ Compiled in 1162ms (2027 modules)
 GET / 200 in 240ms
 ✓ Compiled in 830ms (2027 modules)
 GET / 200 in 276ms
 ✓ Compiled in 1157ms (2027 modules)
 GET / 200 in 385ms
 ✓ Compiled in 1075ms (2027 modules)
 GET / 200 in 340ms
 ✓ Compiled in 1137ms (2027 modules)
 GET / 200 in 234ms
 ✓ Compiled in 937ms (2027 modules)
 GET / 200 in 187ms
 ✓ Compiled in 2.2s (2027 modules)
 GET / 200 in 277ms
 ✓ Compiled in 5.3s (2027 modules)
 GET / 200 in 281ms
 ✓ Compiled in 1345ms (2027 modules)
 GET / 200 in 215ms
 ✓ Compiled in 1233ms (2027 modules)
 GET / 200 in 186ms
 ✓ Compiled in 1259ms (2027 modules)
 GET / 200 in 189ms
 ✓ Compiled in 1130ms (2027 modules)
 GET / 200 in 252ms
 ✓ Compiled in 937ms (2027 modules)
 GET / 200 in 243ms
 ✓ Compiled in 940ms (2027 modules)
 GET / 200 in 242ms
 ○ Compiling /_not-found ...
 ✓ Compiled /_not-found in 1429ms (2032 modules)
 GET / 404 in 1977ms
 GET / 200 in 12ms
 GET / 200 in 786ms
 GET / 200 in 118ms
 GET / 200 in 117ms
 GET / 200 in 116ms
 GET / 200 in 106ms
 GET / 200 in 77ms
 GET / 200 in 144ms
 GET / 200 in 114ms
 GET / 200 in 100ms
 GET / 200 in 192ms
 GET /?payment=stripe-success&session_id=cs_test_a1o2h3gUOld9WXoSbHHLZsrZpGNmpa8iPS4wgW3YCAyEwQpzIcZMyuDqZe 200 in 113ms
 GET / 200 in 98ms
 GET / 200 in 95ms
 ✓ Compiled in 3.2s (915 modules)
 GET / 200 in 141ms
 GET / 200 in 269ms
 ✓ Compiled in 2.4s (2027 modules)
 GET / 200 in 331ms
 GET / 500 in 470ms
 GET / 500 in 112ms
 GET / 500 in 304ms
 GET / 500 in 119ms
 ✓ Compiled in 2.7s (2029 modules)
 ✓ Compiled in 1885ms (2029 modules)
 ✓ Compiled in 968ms (2029 modules)
 ✓ Compiled in 906ms (2029 modules)
 ✓ Compiled in 1128ms (2029 modules)
 ✓ Compiled in 1555ms (2029 modules)
 ✓ Compiled in 1483ms (2029 modules)
 ✓ Compiled in 1522ms (2029 modules)
 ✓ Compiled in 1118ms (2029 modules)
 ✓ Compiled in 2.9s (2029 modules)
 ✓ Compiled in 931ms (2029 modules)
 ✓ Compiled in 1055ms (2029 modules)
 ✓ Compiled in 2.2s (2029 modules)
 ✓ Compiled in 1246ms (2029 modules)
 ✓ Compiled in 1238ms (2029 modules)
 ✓ Compiled in 1341ms (2029 modules)
 ✓ Compiled in 1401ms (2029 modules)
 ✓ Compiled in 1039ms (2029 modules)
 ✓ Compiled in 906ms (2029 modules)
 ✓ Compiled in 2.5s (2029 modules)
 ✓ Compiled in 4.5s (2029 modules)
 ✓ Compiled in 1834ms (2029 modules)
 ✓ Compiled in 2.1s (2029 modules)
 ✓ Compiled in 1731ms (2029 modules)
 ✓ Compiled in 3.8s (2029 modules)
 ✓ Compiled in 1073ms (2029 modules)
 ✓ Compiled in 997ms (2029 modules)
 ✓ Compiled in 2.5s (2029 modules)
 ✓ Compiled in 836ms (2029 modules)
 ✓ Compiled in 1308ms (2029 modules)
 ✓ Compiled in 1517ms (2029 modules)
 ✓ Compiled in 784ms (2029 modules)
 ✓ Compiled in 752ms (2029 modules)
 ✓ Compiled in 897ms (2029 modules)
 GET / 200 in 603ms
 GET / 200 in 104ms
 GET / 200 in 71ms
 GET /?payment=stripe-success&session_id=cs_test_a1tKo59u9OVA1MIuFX1bZM5ZnWepILsx8dgDOow7yOeYEhk9HlQAAiMzfV 200 in 89ms
 ✓ Compiled in 1739ms (2029 modules)
 GET / 200 in 864ms
 GET / 200 in 1312ms
 GET / 200 in 124ms
 GET / 200 in 103ms
 GET / 200 in 93ms
 GET / 200 in 90ms
 ✓ Compiled in 1807ms (2029 modules)
 ✓ Compiled in 1040ms (2029 modules)
 ✓ Compiled in 1ms (1113 modules)
 GET / 200 in 2691ms
 GET / 200 in 3448ms
 ✓ Compiled in 5.8s (2029 modules)
 GET / 200 in 311ms
 ✓ Compiled in 9.1s (2029 modules)
 GET / 200 in 377ms
 ✓ Compiled in 1674ms (2029 modules)
 GET / 200 in 1462ms
 ✓ Compiled in 5.5s (2029 modules)
 GET / 200 in 260ms
 ✓ Compiled in 8.2s (2029 modules)
 GET / 200 in 243ms
 ✓ Compiled in 5s (2029 modules)
 GET / 200 in 248ms
 ✓ Compiled in 1119ms (2029 modules)
 GET / 200 in 222ms
 ✓ Compiled in 6.2s (2029 modules)
 GET / 200 in 341ms
 ✓ Compiled in 2.1s (2029 modules)
 GET / 200 in 302ms
 GET / 200 in 942ms
 ✓ Compiled in 4.1s (2029 modules)
 ✓ Compiled in 9.9s (2029 modules)
 GET / 200 in 593ms
 GET / 200 in 9503ms
 GET / 500 in 5597ms
 GET / 200 in 164ms
 GET / 200 in 99ms
 GET / 200 in 74ms
 GET / 200 in 82ms
 GET / 200 in 143ms
 GET / 200 in 144ms
 GET / 200 in 212ms
 GET /?payment=stripe-success&session_id=cs_test_a1U5JRJcHi0ymQjdSsXrQmOH2otAdbRwFSz7SxFgwBJTuLJ2kOJ6jjxzIx 200 in 109ms
 ✓ Compiled in 2.3s (916 modules)
 GET / 200 in 92ms
 GET / 200 in 147ms
 ✓ Compiled in 1775ms (2029 modules)
 GET / 200 in 269ms
 ✓ Compiled in 14.3s (2031 modules)
 GET / 200 in 427ms
 ✓ Compiled in 1867ms (2031 modules)
 GET / 200 in 1621ms
 ✓ Compiled in 3.5s (2031 modules)
 GET / 200 in 211ms
 ✓ Compiled in 5.4s (2031 modules)
 GET / 200 in 231ms
 ✓ Compiled in 1626ms (2031 modules)
 GET / 200 in 257ms
 ✓ Compiled in 1765ms (2031 modules)
 GET / 200 in 521ms
 ✓ Compiled in 1436ms (2031 modules)
 GET / 200 in 461ms
 ✓ Compiled in 5s (2031 modules)
 ✓ Compiled in 3s (2025 modules)
 ✓ Compiled in 2.3s (2025 modules)
 ✓ Compiled in 5.8s (2031 modules)
 ✓ Compiled in 2.5s (2031 modules)
 ✓ Compiled in 999ms (2031 modules)
 ✓ Compiled in 834ms (2031 modules)
 ✓ Compiled in 854ms (2031 modules)
 ✓ Compiled in 2.3s (2031 modules)
 ✓ Compiled in 2.6s (2031 modules)
 ✓ Compiled in 2.6s (2031 modules)
 ✓ Compiled in 1578ms (2031 modules)
 ✓ Compiled in 1557ms (2031 modules)
 ✓ Compiled in 2s (2031 modules)
 ✓ Compiled in 4.6s (2033 modules)
 ✓ Compiled in 1622ms (2033 modules)
 ✓ Compiled in 1549ms (2033 modules)
 GET / 500 in 1607ms
 GET / 500 in 1854ms
 ✓ Compiled in 2.9s (2033 modules)
 GET / 500 in 3534ms
 GET / 500 in 164ms
 ✓ Compiled in 3.8s (2033 modules)
 GET / 500 in 5845ms
 GET / 500 in 3630ms
 GET / 500 in 291ms
 GET / 500 in 283ms
 GET / 500 in 274ms
 GET / 500 in 280ms
 GET / 500 in 1081ms
 GET / 500 in 271ms
 GET / 500 in 111ms
 GET / 500 in 273ms
 GET / 500 in 114ms
 GET / 500 in 306ms
 GET / 500 in 127ms
 GET / 500 in 821ms
 GET / 500 in 412ms
 GET / 500 in 925ms
 GET / 500 in 387ms
 GET / 500 in 850ms
 GET / 500 in 389ms
 GET / 500 in 782ms
 GET / 500 in 350ms
 GET / 500 in 984ms
 GET / 500 in 528ms
 GET / 500 in 901ms
 GET / 500 in 418ms
 GET / 500 in 826ms
 GET / 500 in 410ms
 GET / 500 in 298ms
 GET / 500 in 296ms
 GET / 500 in 261ms
 GET / 500 in 274ms
 GET / 500 in 275ms
 GET / 500 in 278ms
 GET / 500 in 308ms
 GET / 500 in 275ms
 GET / 500 in 262ms
 GET / 500 in 509ms
 GET / 500 in 290ms
 GET / 500 in 278ms
 GET / 500 in 273ms
 GET / 500 in 499ms
 GET / 500 in 289ms
 GET / 500 in 277ms
 GET / 500 in 269ms
 GET / 500 in 289ms
 GET / 500 in 273ms
 GET / 500 in 317ms
 GET / 500 in 279ms
 GET / 500 in 307ms
 GET / 500 in 274ms
 GET / 500 in 281ms
 GET / 500 in 287ms
 GET / 500 in 275ms
 GET / 500 in 272ms
 GET / 500 in 270ms
 GET / 500 in 279ms
 GET / 500 in 269ms
 GET / 500 in 275ms
 GET / 500 in 263ms
 GET / 500 in 272ms
 GET / 500 in 269ms
 GET / 500 in 273ms
 GET / 500 in 274ms
 GET / 500 in 273ms
 GET / 500 in 299ms
 GET / 500 in 292ms
 GET / 500 in 261ms
 GET / 500 in 273ms
 GET / 500 in 267ms
 GET / 500 in 254ms
 GET / 500 in 269ms
 GET / 500 in 275ms
 GET / 500 in 119ms
 ○ Compiling /_not-found ...
 ✓ Compiled /_not-found in 914ms (2024 modules)
 GET / 404 in 1335ms
 GET / 500 in 284ms
 GET / 500 in 115ms
 GET / 500 in 272ms
 GET / 500 in 116ms
 GET / 200 in 145ms
 GET / 200 in 99ms
 GET / 200 in 129ms
 GET / 200 in 103ms
 ✓ Compiled in 2.2s (2033 modules)
